TN:
SF:provider_rotation.js
FN:6,(anonymous_0)
FN:12,(anonymous_1)
FN:14,(anonymous_2)
FN:18,(anonymous_3)
FN:36,(anonymous_4)
FN:37,(anonymous_5)
FN:42,(anonymous_6)
FN:76,(anonymous_7)
FN:87,(anonymous_8)
FNF:9
FNH:8
FNDA:12,(anonymous_0)
FNDA:3,(anonymous_1)
FNDA:9,(anonymous_2)
FNDA:0,(anonymous_3)
FNDA:7,(anonymous_4)
FNDA:21,(anonymous_5)
FNDA:6,(anonymous_6)
FNDA:17,(anonymous_7)
FNDA:460,(anonymous_8)
DA:7,12
DA:8,12
DA:9,12
DA:14,9
DA:17,3
DA:18,0
DA:19,0
DA:20,0
DA:21,0
DA:26,3
DA:27,7
DA:28,7
DA:29,2
DA:33,1
DA:37,21
DA:38,7
DA:41,7
DA:42,1
DA:43,6
DA:44,3
DA:45,3
DA:49,7
DA:51,7
DA:52,20
DA:53,20
DA:54,1
DA:57,19
DA:58,19
DA:59,3
DA:61,3
DA:68,16
DA:69,16
DA:73,4
DA:77,17
DA:86,17
DA:87,460
DA:91,1
LF:37
LH:33
BRDA:12,0,0,3
BRDA:17,1,0,0
BRDA:17,1,1,3
BRDA:17,2,0,3
BRDA:17,2,1,0
BRDA:19,3,0,0
BRDA:19,3,1,0
BRDA:19,4,0,0
BRDA:19,4,1,0
BRDA:20,5,0,0
BRDA:20,5,1,0
BRDA:20,6,0,0
BRDA:20,6,1,0
BRDA:28,7,0,2
BRDA:28,7,1,5
BRDA:41,8,0,1
BRDA:41,8,1,6
BRDA:41,9,0,7
BRDA:41,9,1,1
BRDA:43,10,0,3
BRDA:43,10,1,3
BRDA:43,11,0,6
BRDA:43,11,1,3
BRDA:44,12,0,0
BRDA:44,12,1,3
BRDA:44,13,0,3
BRDA:44,13,1,0
BRDA:53,14,0,1
BRDA:53,14,1,19
BRF:29
BRH:17
end_of_record
TN:
SF:cloudflare-worker/src/index.js
FN:12,(anonymous_0)
FN:66,(anonymous_1)
FN:78,handleChallenge
FN:95,verifyRequest
FN:119,isCodeImplementationRequest
FN:130,(anonymous_5)
FN:133,handleChat
FN:225,callGroq
FN:362,callGemini
FN:390,(anonymous_9)
FN:400,(anonymous_10)
FN:416,callQwen
FN:461,callClaude
FN:499,(anonymous_13)
FN:515,handleTTS
FN:540,handleSTT
FN:565,handleStatus
FN:578,getUsage
FN:584,incrementUsage
FN:592,getDateKey
FN:598,handleFunctionCall
FN:614,(anonymous_21)
FN:627,(anonymous_22)
FN:638,(anonymous_23)
FN:651,(anonymous_24)
FN:662,(anonymous_25)
FN:675,getSharedContext
FN:682,saveContext
FN:694,callQwenForCode
FNF:29
FNH:0
FNDA:0,(anonymous_0)
FNDA:0,(anonymous_1)
FNDA:0,handleChallenge
FNDA:0,verifyRequest
FNDA:0,isCodeImplementationRequest
FNDA:0,(anonymous_5)
FNDA:0,handleChat
FNDA:0,callGroq
FNDA:0,callGemini
FNDA:0,(anonymous_9)
FNDA:0,(anonymous_10)
FNDA:0,callQwen
FNDA:0,callClaude
FNDA:0,(anonymous_13)
FNDA:0,handleTTS
FNDA:0,handleSTT
FNDA:0,handleStatus
FNDA:0,getUsage
FNDA:0,incrementUsage
FNDA:0,getDateKey
FNDA:0,handleFunctionCall
FNDA:0,(anonymous_21)
FNDA:0,(anonymous_22)
FNDA:0,(anonymous_23)
FNDA:0,(anonymous_24)
FNDA:0,(anonymous_25)
FNDA:0,getSharedContext
FNDA:0,saveContext
FNDA:0,callQwenForCode
DA:4,0
DA:13,0
DA:14,0
DA:20,0
DA:21,0
DA:24,0
DA:27,0
DA:28,0
DA:29,0
DA:30,0
DA:31,0
DA:32,0
DA:33,0
DA:35,0
DA:36,0
DA:37,0
DA:44,0
DA:45,0
DA:46,0
DA:47,0
DA:48,0
DA:49,0
DA:50,0
DA:51,0
DA:52,0
DA:53,0
DA:63,0
DA:66,0
DA:67,0
DA:69,0
DA:73,0
DA:79,0
DA:80,0
DA:82,0
DA:86,0
DA:96,0
DA:97,0
DA:98,0
DA:100,0
DA:101,0
DA:104,0
DA:105,0
DA:106,0
DA:109,0
DA:110,0
DA:111,0
DA:114,0
DA:116,0
DA:120,0
DA:129,0
DA:130,0
DA:134,0
DA:136,0
DA:144,0
DA:146,0
DA:147,0
DA:150,0
DA:151,0
DA:152,0
DA:153,0
DA:154,0
DA:157,0
DA:158,0
DA:159,0
DA:162,0
DA:163,0
DA:164,0
DA:172,0
DA:179,0
DA:190,0
DA:200,0
DA:201,0
DA:202,0
DA:203,0
DA:208,0
DA:211,0
DA:227,0
DA:230,0
DA:319,0
DA:338,0
DA:357,0
DA:358,0
DA:359,0
DA:364,0
DA:367,0
DA:384,0
DA:390,0
DA:399,0
DA:400,0
DA:401,0
DA:403,0
DA:406,0
DA:418,0
DA:420,0
DA:421,0
DA:425,0
DA:451,0
DA:463,0
DA:466,0
DA:483,0
DA:498,0
DA:499,0
DA:500,0
DA:502,0
DA:505,0
DA:516,0
DA:518,0
DA:519,0
DA:520,0
DA:526,0
DA:527,0
DA:534,0
DA:541,0
DA:543,0
DA:544,0
DA:545,0
DA:551,0
DA:552,0
DA:559,0
DA:566,0
DA:567,0
DA:569,0
DA:570,0
DA:573,0
DA:579,0
DA:580,0
DA:581,0
DA:585,0
DA:586,0
DA:587,0
DA:593,0
DA:594,0
DA:599,0
DA:600,0
DA:602,0
DA:604,0
DA:605,0
DA:614,0
DA:617,0
DA:619,0
DA:620,0
DA:627,0
DA:630,0
DA:631,0
DA:638,0
DA:641,0
DA:643,0
DA:644,0
DA:651,0
DA:654,0
DA:655,0
DA:662,0
DA:665,0
DA:668,0
DA:671,0
DA:676,0
DA:677,0
DA:678,0
DA:679,0
DA:683,0
DA:684,0
DA:687,0
DA:688,0
DA:689,0
DA:690,0
DA:691,0
DA:696,0
DA:698,0
DA:735,0
LF:169
LH:0
BRDA:20,0,0,0
BRDA:20,0,1,0
BRDA:27,1,0,0
BRDA:27,1,1,0
BRDA:29,2,0,0
BRDA:29,2,1,0
BRDA:32,3,0,0
BRDA:32,3,1,0
BRDA:44,4,0,0
BRDA:44,4,1,0
BRDA:47,5,0,0
BRDA:47,5,1,0
BRDA:50,6,0,0
BRDA:50,6,1,0
BRDA:52,7,0,0
BRDA:52,7,1,0
BRDA:100,8,0,0
BRDA:100,8,1,0
BRDA:100,9,0,0
BRDA:100,9,1,0
BRDA:100,9,2,0
BRDA:105,10,0,0
BRDA:105,10,1,0
BRDA:110,11,0,0
BRDA:110,11,1,0
BRDA:134,12,0,0
BRDA:134,13,0,0
BRDA:152,14,0,0
BRDA:152,14,1,0
BRDA:162,15,0,0
BRDA:162,15,1,0
BRDA:162,16,0,0
BRDA:162,16,1,0
BRDA:191,17,0,0
BRDA:191,17,1,0
BRDA:208,18,0,0
BRDA:208,18,1,0
BRDA:357,19,0,0
BRDA:357,19,1,0
BRDA:391,20,0,0
BRDA:391,20,1,0
BRDA:399,21,0,0
BRDA:399,21,1,0
BRDA:401,22,0,0
BRDA:401,22,1,0
BRDA:420,23,0,0
BRDA:420,23,1,0
BRDA:498,24,0,0
BRDA:498,24,1,0
BRDA:500,25,0,0
BRDA:500,25,1,0
BRDA:518,26,0,0
BRDA:518,26,1,0
BRDA:526,27,0,0
BRDA:526,27,1,0
BRDA:543,28,0,0
BRDA:543,28,1,0
BRDA:551,29,0,0
BRDA:551,29,1,0
BRDA:581,30,0,0
BRDA:581,30,1,0
BRDA:600,31,0,0
BRDA:600,31,1,0
BRDA:602,32,0,0
BRDA:602,32,1,0
BRDA:602,32,2,0
BRDA:602,32,3,0
BRDA:602,32,4,0
BRDA:602,32,5,0
BRDA:602,32,6,0
BRDA:602,32,7,0
BRDA:604,33,0,0
BRDA:604,33,1,0
BRDA:617,34,0,0
BRDA:617,34,1,0
BRDA:630,35,0,0
BRDA:630,35,1,0
BRDA:641,36,0,0
BRDA:641,36,1,0
BRDA:654,37,0,0
BRDA:654,37,1,0
BRDA:661,38,0,0
BRDA:661,38,1,0
BRDA:676,39,0,0
BRDA:676,39,1,0
BRDA:679,40,0,0
BRDA:679,40,1,0
BRDA:683,41,0,0
BRDA:683,41,1,0
BRDA:696,42,0,0
BRDA:696,42,1,0
BRDA:702,43,0,0
BRDA:702,43,1,0
BRF:93
BRH:0
end_of_record
TN:
SF:cloudflare-worker/src/upgrade.js
FN:4,handleUpgrade
FN:73,(anonymous_1)
FN:83,updateGitHubFile
FN:119,triggerDeployment
FN:138,getCodebaseContext
FNF:5
FNH:0
FNDA:0,handleUpgrade
FNDA:0,(anonymous_1)
FNDA:0,updateGitHubFile
FNDA:0,triggerDeployment
FNDA:0,getCodebaseContext
DA:5,0
DA:8,0
DA:54,0
DA:55,0
DA:58,0
DA:59,0
DA:62,0
DA:63,0
DA:67,0
DA:68,0
DA:71,0
DA:73,0
DA:84,0
DA:85,0
DA:88,0
DA:98,0
DA:101,0
DA:121,0
DA:135,0
DA:140,0
DA:141,0
DA:143,0
DA:151,0
DA:153,0
DA:154,0
DA:155,0
DA:165,0
DA:166,0
DA:167,0
DA:170,0
DA:174,0
LF:31
LH:0
BRDA:21,0,0,0
BRDA:21,0,1,0
BRDA:54,1,0,0
BRDA:54,1,1,0
BRDA:67,2,0,0
BRDA:67,2,1,0
BRDA:85,3,0,0
BRDA:85,3,1,0
BRDA:98,4,0,0
BRDA:98,4,1,0
BRDA:130,5,0,0
BRDA:130,5,1,0
BRDA:141,6,0,0
BRDA:141,6,1,0
BRDA:165,7,0,0
BRDA:165,7,1,0
BRF:16
BRH:0
end_of_record
TN:
SF:scripts/check_gemini_models.js
FN:8,checkGeminiModels
FN:28,(anonymous_1)
FN:30,(anonymous_2)
FN:31,(anonymous_3)
FN:36,(anonymous_4)
FN:41,(anonymous_5)
FN:47,(anonymous_6)
FN:61,(anonymous_7)
FNF:8
FNH:0
FNDA:0,checkGeminiModels
FNDA:0,(anonymous_1)
FNDA:0,(anonymous_2)
FNDA:0,(anonymous_3)
FNDA:0,(anonymous_4)
FNDA:0,(anonymous_5)
FNDA:0,(anonymous_6)
FNDA:0,(anonymous_7)
DA:6,0
DA:9,0
DA:11,0
DA:12,0
DA:13,0
DA:16,0
DA:18,0
DA:28,0
DA:29,0
DA:30,0
DA:31,0
DA:32,0
DA:33,0
DA:34,0
DA:35,0
DA:36,0
DA:37,0
DA:41,0
DA:42,0
DA:46,0
DA:47,0
DA:48,0
DA:51,0
DA:52,0
DA:55,0
DA:56,0
DA:61,0
DA:62,0
DA:65,0
DA:68,0
LF:30
LH:0
BRDA:11,0,0,0
BRDA:11,0,1,0
BRDA:34,1,0,0
BRDA:34,1,1,0
BRDA:42,2,0,0
BRDA:42,2,1,0
BRF:6
BRH:0
end_of_record
TN:
SF:scripts/cleanup.js
FN:12,(anonymous_0)
FN:16,(anonymous_1)
FN:35,(anonymous_2)
FN:42,(anonymous_3)
FN:52,(anonymous_4)
FNF:5
FNH:0
FNDA:0,(anonymous_0)
FNDA:0,(anonymous_1)
FNDA:0,(anonymous_2)
FNDA:0,(anonymous_3)
FNDA:0,(anonymous_4)
DA:7,0
DA:8,0
DA:9,0
DA:13,0
DA:17,0
DA:18,0
DA:19,0
DA:21,0
DA:22,0
DA:23,0
DA:25,0
DA:26,0
DA:27,0
DA:30,0
DA:31,0
DA:36,0
DA:37,0
DA:41,0
DA:42,0
DA:43,0
DA:44,0
DA:45,0
DA:49,0
DA:53,0
DA:55,0
DA:56,0
DA:57,0
DA:59,0
DA:65,0
DA:66,0
DA:67,0
DA:70,0
LF:32
LH:0
BRDA:36,0,0,0
BRDA:36,0,1,0
BRDA:44,1,0,0
BRDA:44,1,1,0
BRDA:44,2,0,0
BRDA:44,2,1,0
BRDA:65,3,0,0
BRDA:65,3,1,0
BRF:8
BRH:0
end_of_record
TN:
SF:scripts/deploy.js
FN:12,(anonymous_0)
FN:17,(anonymous_1)
FN:57,(anonymous_2)
FN:64,(anonymous_3)
FN:74,(anonymous_4)
FN:106,(anonymous_5)
FN:127,(anonymous_6)
FN:141,(anonymous_7)
FNF:8
FNH:0
FNDA:0,(anonymous_0)
FNDA:0,(anonymous_1)
FNDA:0,(anonymous_2)
FNDA:0,(anonymous_3)
FNDA:0,(anonymous_4)
FNDA:0,(anonymous_5)
FNDA:0,(anonymous_6)
FNDA:0,(anonymous_7)
DA:7,0
DA:8,0
DA:9,0
DA:13,0
DA:14,0
DA:18,0
DA:19,0
DA:20,0
DA:22,0
DA:23,0
DA:24,0
DA:25,0
DA:26,0
DA:28,0
DA:30,0
DA:31,0
DA:32,0
DA:33,0
DA:34,0
DA:35,0
DA:36,0
DA:37,0
DA:38,0
DA:40,0
DA:41,0
DA:42,0
DA:43,0
DA:44,0
DA:45,0
DA:46,0
DA:47,0
DA:48,0
DA:52,0
DA:53,0
DA:58,0
DA:59,0
DA:63,0
DA:64,0
DA:65,0
DA:66,0
DA:67,0
DA:71,0
DA:75,0
DA:76,0
DA:78,0
DA:79,0
DA:80,0
DA:82,0
DA:84,0
DA:87,0
DA:93,0
DA:94,0
DA:95,0
DA:96,0
DA:100,0
DA:102,0
DA:107,0
DA:108,0
DA:109,0
DA:112,0
DA:114,0
DA:116,0
DA:117,0
DA:120,0
DA:121,0
DA:123,0
DA:128,0
DA:130,0
DA:131,0
DA:132,0
DA:133,0
DA:134,0
DA:136,0
DA:137,0
DA:142,0
DA:144,0
DA:146,0
DA:147,0
DA:148,0
DA:151,0
DA:152,0
DA:153,0
DA:159,0
DA:160,0
DA:161,0
DA:164,0
LF:86
LH:0
BRDA:30,0,0,0
BRDA:30,0,1,0
BRDA:58,1,0,0
BRDA:58,1,1,0
BRDA:66,2,0,0
BRDA:66,2,1,0
BRDA:66,3,0,0
BRDA:66,3,1,0
BRDA:76,4,0,0
BRDA:76,4,1,0
BRDA:78,5,0,0
BRDA:78,5,1,0
BRDA:94,6,0,0
BRDA:94,6,1,0
BRDA:107,7,0,0
BRDA:107,7,1,0
BRDA:159,8,0,0
BRDA:159,8,1,0
BRF:18
BRH:0
end_of_record
TN:
SF:scripts/deploy_swarm.js
FN:10,(anonymous_0)
FN:14,(anonymous_1)
FN:30,(anonymous_2)
FN:46,(anonymous_3)
FN:59,(anonymous_4)
FN:74,(anonymous_5)
FNF:6
FNH:0
FNDA:0,(anonymous_0)
FNDA:0,(anonymous_1)
FNDA:0,(anonymous_2)
FNDA:0,(anonymous_3)
FNDA:0,(anonymous_4)
FNDA:0,(anonymous_5)
DA:6,0
DA:7,0
DA:11,0
DA:15,0
DA:17,0
DA:18,0
DA:22,0
DA:23,0
DA:24,0
DA:27,0
DA:31,0
DA:34,0
DA:35,0
DA:39,0
DA:40,0
DA:43,0
DA:47,0
DA:49,0
DA:50,0
DA:53,0
DA:55,0
DA:60,0
DA:62,0
DA:63,0
DA:66,0
DA:67,0
DA:69,0
DA:70,0
DA:75,0
DA:76,0
DA:77,0
DA:79,0
DA:80,0
DA:81,0
DA:82,0
DA:84,0
DA:86,0
DA:87,0
DA:88,0
DA:89,0
DA:90,0
DA:91,0
DA:92,0
DA:93,0
DA:94,0
DA:95,0
DA:96,0
DA:98,0
DA:99,0
DA:100,0
DA:101,0
DA:102,0
DA:103,0
DA:104,0
DA:108,0
DA:109,0
DA:115,0
DA:116,0
DA:117,0
DA:120,0
LF:60
LH:0
BRDA:17,0,0,0
BRDA:17,0,1,0
BRDA:34,1,0,0
BRDA:34,1,1,0
BRDA:39,2,0,0
BRDA:39,2,1,0
BRDA:86,3,0,0
BRDA:86,3,1,0
BRDA:115,4,0,0
BRDA:115,4,1,0
BRF:10
BRH:0
end_of_record
TN:
SF:scripts/deploy_worker.js
FN:11,(anonymous_0)
FN:15,(anonymous_1)
FN:31,(anonymous_2)
FN:53,(anonymous_3)
FN:66,(anonymous_4)
FN:79,(anonymous_5)
FNF:6
FNH:0
FNDA:0,(anonymous_0)
FNDA:0,(anonymous_1)
FNDA:0,(anonymous_2)
FNDA:0,(anonymous_3)
FNDA:0,(anonymous_4)
FNDA:0,(anonymous_5)
DA:6,0
DA:7,0
DA:8,0
DA:12,0
DA:16,0
DA:18,0
DA:19,0
DA:23,0
DA:24,0
DA:25,0
DA:28,0
DA:32,0
DA:34,0
DA:35,0
DA:39,0
DA:40,0
DA:41,0
DA:42,0
DA:45,0
DA:46,0
DA:49,0
DA:54,0
DA:56,0
DA:57,0
DA:60,0
DA:62,0
DA:67,0
DA:69,0
DA:70,0
DA:71,0
DA:72,0
DA:74,0
DA:75,0
DA:80,0
DA:81,0
DA:82,0
DA:84,0
DA:85,0
DA:86,0
DA:87,0
DA:89,0
DA:91,0
DA:92,0
DA:93,0
DA:94,0
DA:95,0
DA:96,0
DA:97,0
DA:98,0
DA:99,0
DA:101,0
DA:102,0
DA:103,0
DA:104,0
DA:105,0
DA:106,0
DA:110,0
DA:111,0
DA:117,0
DA:118,0
DA:119,0
DA:122,0
LF:62
LH:0
BRDA:18,0,0,0
BRDA:18,0,1,0
BRDA:40,1,0,0
BRDA:40,1,1,0
BRDA:91,2,0,0
BRDA:91,2,1,0
BRDA:117,3,0,0
BRDA:117,3,1,0
BRF:8
BRH:0
end_of_record
TN:
SF:scripts/rollback.js
FN:12,(anonymous_0)
FN:16,(anonymous_1)
FN:35,(anonymous_2)
FN:42,(anonymous_3)
FN:52,(anonymous_4)
FN:62,(anonymous_5)
FN:69,(anonymous_6)
FNF:7
FNH:0
FNDA:0,(anonymous_0)
FNDA:0,(anonymous_1)
FNDA:0,(anonymous_2)
FNDA:0,(anonymous_3)
FNDA:0,(anonymous_4)
FNDA:0,(anonymous_5)
FNDA:0,(anonymous_6)
DA:7,0
DA:8,0
DA:9,0
DA:13,0
DA:17,0
DA:18,0
DA:19,0
DA:21,0
DA:22,0
DA:23,0
DA:25,0
DA:26,0
DA:27,0
DA:30,0
DA:31,0
DA:36,0
DA:37,0
DA:41,0
DA:42,0
DA:43,0
DA:44,0
DA:45,0
DA:49,0
DA:53,0
DA:54,0
DA:56,0
DA:57,0
DA:58,0
DA:59,0
DA:62,0
DA:63,0
DA:66,0
DA:67,0
DA:69,0
DA:70,0
DA:74,0
DA:77,0
DA:79,0
DA:80,0
DA:81,0
DA:82,0
DA:83,0
DA:85,0
DA:86,0
DA:92,0
DA:93,0
DA:94,0
DA:97,0
LF:48
LH:0
BRDA:36,0,0,0
BRDA:36,0,1,0
BRDA:44,1,0,0
BRDA:44,1,1,0
BRDA:44,2,0,0
BRDA:44,2,1,0
BRDA:56,3,0,0
BRDA:56,3,1,0
BRDA:63,4,0,0
BRDA:63,4,1,0
BRDA:66,5,0,0
BRDA:66,5,1,0
BRDA:92,6,0,0
BRDA:92,6,1,0
BRF:14
BRH:0
end_of_record
TN:
SF:scripts/setup.js
FN:17,(anonymous_0)
FN:17,(anonymous_1)
FN:20,(anonymous_2)
FN:32,(anonymous_3)
FN:61,(anonymous_4)
FN:89,(anonymous_5)
FN:132,(anonymous_6)
FN:136,(anonymous_7)
FN:148,(anonymous_8)
FN:162,(anonymous_9)
FNF:10
FNH:0
FNDA:0,(anonymous_0)
FNDA:0,(anonymous_1)
FNDA:0,(anonymous_2)
FNDA:0,(anonymous_3)
FNDA:0,(anonymous_4)
FNDA:0,(anonymous_5)
FNDA:0,(anonymous_6)
FNDA:0,(anonymous_7)
FNDA:0,(anonymous_8)
FNDA:0,(anonymous_9)
DA:7,0
DA:8,0
DA:9,0
DA:10,0
DA:12,0
DA:17,0
DA:21,0
DA:22,0
DA:33,0
DA:34,0
DA:35,0
DA:37,0
DA:38,0
DA:39,0
DA:40,0
DA:41,0
DA:42,0
DA:44,0
DA:45,0
DA:46,0
DA:47,0
DA:48,0
DA:49,0
DA:50,0
DA:51,0
DA:54,0
DA:55,0
DA:57,0
DA:62,0
DA:65,0
DA:66,0
DA:67,0
DA:68,0
DA:70,0
DA:73,0
DA:74,0
DA:75,0
DA:77,0
DA:81,0
DA:82,0
DA:83,0
DA:85,0
DA:90,0
DA:91,0
DA:93,0
DA:95,0
DA:96,0
DA:97,0
DA:99,0
DA:103,0
DA:104,0
DA:105,0
DA:106,0
DA:107,0
DA:110,0
DA:115,0
DA:121,0
DA:122,0
DA:123,0
DA:124,0
DA:128,0
DA:129,0
DA:133,0
DA:137,0
DA:138,0
DA:140,0
DA:141,0
DA:142,0
DA:144,0
DA:149,0
DA:150,0
DA:152,0
DA:154,0
DA:155,0
DA:157,0
DA:158,0
DA:163,0
DA:164,0
DA:166,0
DA:167,0
DA:168,0
DA:170,0
DA:176,0
DA:177,0
DA:178,0
DA:181,0
LF:86
LH:0
BRDA:67,0,0,0
BRDA:67,0,1,0
BRDA:95,1,0,0
BRDA:95,1,1,0
BRDA:104,2,0,0
BRDA:104,2,1,0
BRDA:106,3,0,0
BRDA:106,3,1,0
BRDA:122,4,0,0
BRDA:122,4,1,0
BRDA:124,5,0,0
BRDA:124,5,1,0
BRDA:176,6,0,0
BRDA:176,6,1,0
BRF:14
BRH:0
end_of_record
TN:
SF:scripts/start.js
FN:12,(anonymous_0)
FN:16,(anonymous_1)
FN:41,(anonymous_2)
FN:48,(anonymous_3)
FN:58,(anonymous_4)
FN:79,(anonymous_5)
FNF:6
FNH:0
FNDA:0,(anonymous_0)
FNDA:0,(anonymous_1)
FNDA:0,(anonymous_2)
FNDA:0,(anonymous_3)
FNDA:0,(anonymous_4)
FNDA:0,(anonymous_5)
DA:7,0
DA:8,0
DA:9,0
DA:13,0
DA:17,0
DA:18,0
DA:19,0
DA:21,0
DA:22,0
DA:23,0
DA:24,0
DA:26,0
DA:27,0
DA:28,0
DA:29,0
DA:30,0
DA:31,0
DA:32,0
DA:33,0
DA:36,0
DA:37,0
DA:42,0
DA:43,0
DA:47,0
DA:48,0
DA:49,0
DA:50,0
DA:51,0
DA:55,0
DA:59,0
DA:62,0
DA:63,0
DA:64,0
DA:65,0
DA:67,0
DA:71,0
DA:72,0
DA:73,0
DA:75,0
DA:80,0
DA:83,0
DA:85,0
DA:86,0
DA:92,0
DA:93,0
DA:94,0
DA:99,0
DA:106,0
DA:107,0
DA:108,0
DA:111,0
LF:51
LH:0
BRDA:42,0,0,0
BRDA:42,0,1,0
BRDA:50,1,0,0
BRDA:50,1,1,0
BRDA:50,2,0,0
BRDA:50,2,1,0
BRDA:71,3,0,0
BRDA:71,3,1,0
BRDA:106,4,0,0
BRDA:106,4,1,0
BRF:10
BRH:0
end_of_record
TN:
SF:scripts/test.js
FN:12,(anonymous_0)
FN:16,(anonymous_1)
FN:35,(anonymous_2)
FN:42,(anonymous_3)
FN:52,(anonymous_4)
FNF:5
FNH:0
FNDA:0,(anonymous_0)
FNDA:0,(anonymous_1)
FNDA:0,(anonymous_2)
FNDA:0,(anonymous_3)
FNDA:0,(anonymous_4)
DA:7,0
DA:8,0
DA:9,0
DA:13,0
DA:17,0
DA:18,0
DA:19,0
DA:21,0
DA:22,0
DA:23,0
DA:25,0
DA:26,0
DA:27,0
DA:30,0
DA:31,0
DA:36,0
DA:37,0
DA:41,0
DA:42,0
DA:43,0
DA:44,0
DA:45,0
DA:49,0
DA:53,0
DA:58,0
DA:59,0
DA:60,0
DA:62,0
DA:63,0
DA:64,0
DA:66,0
DA:74,0
DA:75,0
DA:76,0
DA:79,0
LF:35
LH:0
BRDA:36,0,0,0
BRDA:36,0,1,0
BRDA:44,1,0,0
BRDA:44,1,1,0
BRDA:44,2,0,0
BRDA:44,2,1,0
BRDA:74,3,0,0
BRDA:74,3,1,0
BRF:8
BRH:0
end_of_record
TN:
SF:scripts/test_code_routing.js
FN:12,makeRequest
FN:13,(anonymous_1)
FN:14,(anonymous_2)
FN:16,(anonymous_3)
FN:17,(anonymous_4)
FN:43,getChallenge
FN:58,generateSignature
FN:65,testCodeRouting
FNF:8
FNH:0
FNDA:0,makeRequest
FNDA:0,(anonymous_1)
FNDA:0,(anonymous_2)
FNDA:0,(anonymous_3)
FNDA:0,(anonymous_4)
FNDA:0,getChallenge
FNDA:0,generateSignature
FNDA:0,testCodeRouting
DA:6,0
DA:7,0
DA:9,0
DA:10,0
DA:13,0
DA:14,0
DA:15,0
DA:16,0
DA:17,0
DA:18,0
DA:19,0
DA:25,0
DA:34,0
DA:36,0
DA:37,0
DA:39,0
DA:44,0
DA:51,0
DA:52,0
DA:55,0
DA:59,0
DA:66,0
DA:67,0
DA:69,0
DA:71,0
DA:72,0
DA:73,0
DA:74,0
DA:77,0
DA:80,0
DA:81,0
DA:86,0
DA:96,0
DA:97,0
DA:98,0
DA:100,0
DA:101,0
DA:102,0
DA:103,0
DA:105,0
DA:106,0
DA:110,0
DA:111,0
DA:116,0
DA:117,0
DA:119,0
DA:129,0
DA:130,0
DA:131,0
DA:133,0
DA:134,0
DA:135,0
DA:137,0
DA:138,0
DA:141,0
DA:142,0
DA:143,0
DA:144,0
DA:145,0
DA:147,0
DA:148,0
DA:150,0
DA:154,0
DA:155,0
DA:160,0
LF:65
LH:0
BRDA:36,0,0,0
BRDA:36,0,1,0
BRDA:51,1,0,0
BRDA:51,1,1,0
BRDA:100,2,0,0
BRDA:100,2,1,0
BRDA:133,3,0,0
BRDA:133,3,1,0
BRDA:147,4,0,0
BRDA:147,4,1,0
BRDA:147,5,0,0
BRDA:147,5,1,0
BRF:12
BRH:0
end_of_record
TN:
SF:scripts/test_health.js
FN:12,(anonymous_0)
FN:17,(anonymous_1)
FN:29,(anonymous_2)
FN:49,(anonymous_3)
FN:63,(anonymous_4)
FN:74,(anonymous_5)
FN:85,(anonymous_6)
FN:101,(anonymous_7)
FN:112,(anonymous_8)
FN:122,(anonymous_9)
FN:133,(anonymous_10)
FN:144,(anonymous_11)
FN:169,(anonymous_12)
FN:174,(anonymous_13)
FN:175,(anonymous_14)
FN:183,(anonymous_15)
FN:184,(anonymous_16)
FN:191,(anonymous_17)
FN:192,(anonymous_18)
FN:207,(anonymous_19)
FN:212,(anonymous_20)
FN:213,(anonymous_21)
FN:214,(anonymous_22)
FN:215,(anonymous_23)
FN:216,(anonymous_24)
FN:217,(anonymous_25)
FN:218,(anonymous_26)
FN:219,(anonymous_27)
FN:236,(anonymous_28)
FN:239,(anonymous_29)
FNF:30
FNH:0
FNDA:0,(anonymous_0)
FNDA:0,(anonymous_1)
FNDA:0,(anonymous_2)
FNDA:0,(anonymous_3)
FNDA:0,(anonymous_4)
FNDA:0,(anonymous_5)
FNDA:0,(anonymous_6)
FNDA:0,(anonymous_7)
FNDA:0,(anonymous_8)
FNDA:0,(anonymous_9)
FNDA:0,(anonymous_10)
FNDA:0,(anonymous_11)
FNDA:0,(anonymous_12)
FNDA:0,(anonymous_13)
FNDA:0,(anonymous_14)
FNDA:0,(anonymous_15)
FNDA:0,(anonymous_16)
FNDA:0,(anonymous_17)
FNDA:0,(anonymous_18)
FNDA:0,(anonymous_19)
FNDA:0,(anonymous_20)
FNDA:0,(anonymous_21)
FNDA:0,(anonymous_22)
FNDA:0,(anonymous_23)
FNDA:0,(anonymous_24)
FNDA:0,(anonymous_25)
FNDA:0,(anonymous_26)
FNDA:0,(anonymous_27)
FNDA:0,(anonymous_28)
FNDA:0,(anonymous_29)
DA:7,0
DA:8,0
DA:9,0
DA:13,0
DA:14,0
DA:18,0
DA:19,0
DA:26,0
DA:30,0
DA:32,0
DA:33,0
DA:34,0
DA:35,0
DA:36,0
DA:38,0
DA:39,0
DA:40,0
DA:43,0
DA:44,0
DA:45,0
DA:51,0
DA:52,0
DA:55,0
DA:56,0
DA:63,0
DA:64,0
DA:67,0
DA:68,0
DA:71,0
DA:76,0
DA:77,0
DA:79,0
DA:81,0
DA:87,0
DA:88,0
DA:89,0
DA:91,0
DA:92,0
DA:94,0
DA:97,0
DA:103,0
DA:104,0
DA:106,0
DA:108,0
DA:114,0
DA:115,0
DA:116,0
DA:118,0
DA:124,0
DA:125,0
DA:127,0
DA:129,0
DA:135,0
DA:136,0
DA:138,0
DA:140,0
DA:146,0
DA:147,0
DA:150,0
DA:156,0
DA:159,0
DA:160,0
DA:162,0
DA:165,0
DA:170,0
DA:171,0
DA:172,0
DA:174,0
DA:175,0
DA:176,0
DA:178,0
DA:180,0
DA:181,0
DA:182,0
DA:183,0
DA:185,0
DA:189,0
DA:190,0
DA:191,0
DA:193,0
DA:196,0
DA:198,0
DA:199,0
DA:201,0
DA:204,0
DA:208,0
DA:209,0
DA:211,0
DA:212,0
DA:213,0
DA:214,0
DA:215,0
DA:216,0
DA:217,0
DA:218,0
DA:219,0
DA:222,0
DA:223,0
DA:226,0
DA:227,0
DA:232,0
DA:233,0
DA:235,0
DA:237,0
DA:240,0
DA:241,0
DA:245,0
LF:107
LH:0
BRDA:17,0,0,0
BRDA:34,1,0,0
BRDA:34,1,1,0
BRDA:51,2,0,0
BRDA:51,2,1,0
BRDA:67,3,0,0
BRDA:67,3,1,0
BRDA:91,4,0,0
BRDA:91,4,1,0
BRDA:159,5,0,0
BRDA:159,5,1,0
BRDA:159,6,0,0
BRDA:159,6,1,0
BRDA:180,7,0,0
BRDA:180,7,1,0
BRDA:198,8,0,0
BRDA:198,8,1,0
BRDA:232,9,0,0
BRDA:232,9,1,0
BRDA:237,10,0,0
BRDA:237,10,1,0
BRF:21
BRH:0
end_of_record
TN:
SF:scripts/test_system.js
FN:34,(anonymous_0)
FN:38,makeRequest
FN:39,(anonymous_2)
FN:52,(anonymous_3)
FN:54,(anonymous_4)
FN:55,(anonymous_5)
FN:74,getChallenge
FN:82,generateSignature
FN:86,runSystemTest
FNF:9
FNH:0
FNDA:0,(anonymous_0)
FNDA:0,makeRequest
FNDA:0,(anonymous_2)
FNDA:0,(anonymous_3)
FNDA:0,(anonymous_4)
FNDA:0,(anonymous_5)
FNDA:0,getChallenge
FNDA:0,generateSignature
FNDA:0,runSystemTest
DA:11,0
DA:12,0
DA:15,0
DA:16,0
DA:19,0
DA:21,0
DA:22,0
DA:23,0
DA:24,0
DA:25,0
DA:26,0
DA:29,0
DA:30,0
DA:31,0
DA:34,0
DA:35,0
DA:39,0
DA:40,0
DA:41,0
DA:52,0
DA:53,0
DA:54,0
DA:55,0
DA:56,0
DA:57,0
DA:58,0
DA:60,0
DA:65,0
DA:67,0
DA:68,0
DA:70,0
DA:75,0
DA:76,0
DA:77,0
DA:79,0
DA:83,0
DA:87,0
DA:89,0
DA:91,0
DA:92,0
DA:93,0
DA:96,0
DA:97,0
DA:98,0
DA:99,0
DA:101,0
DA:105,0
DA:106,0
DA:107,0
DA:116,0
DA:117,0
DA:118,0
DA:119,0
DA:121,0
DA:122,0
DA:126,0
DA:127,0
DA:136,0
DA:137,0
DA:138,0
DA:139,0
DA:141,0
DA:142,0
DA:145,0
DA:146,0
DA:149,0
DA:150,0
LF:67
LH:0
BRDA:19,0,0,0
BRDA:19,0,1,0
BRDA:21,1,0,0
BRDA:21,1,1,0
BRDA:38,2,0,0
BRDA:38,3,0,0
BRDA:38,4,0,0
BRDA:67,5,0,0
BRDA:67,5,1,0
BRDA:76,6,0,0
BRDA:76,6,1,0
BRDA:98,7,0,0
BRDA:98,7,1,0
BRDA:116,8,0,0
BRDA:116,8,1,0
BRDA:136,9,0,0
BRDA:136,9,1,0
BRF:17
BRH:0
end_of_record
