TN:
SF:cloudflare-worker/src/lib/auth.js
FN:5,generateChallenge
FN:20,verifyRequest
FNF:2
FNH:0
FNDA:0,generateChallenge
FNDA:0,verifyRequest
DA:6,0
DA:7,0
DA:9,0
DA:13,0
DA:21,0
DA:22,0
DA:23,0
DA:25,0
DA:26,0
DA:29,0
DA:30,0
DA:31,0
DA:34,0
DA:35,0
DA:36,0
DA:39,0
DA:41,0
LF:17
LH:0
BRDA:25,0,0,0
BRDA:25,0,1,0
BRDA:25,1,0,0
BRDA:25,1,1,0
BRDA:25,1,2,0
BRDA:30,2,0,0
BRDA:30,2,1,0
BRDA:35,3,0,0
BRDA:35,3,1,0
BRF:9
BRH:0
end_of_record
TN:
SF:cloudflare-worker/src/lib/classifier.js
FN:5,isCodeImplementationRequest
FN:16,(anonymous_1)
FNF:2
FNH:0
FNDA:0,isCodeImplementationRequest
FNDA:0,(anonymous_1)
DA:6,0
DA:15,0
DA:16,0
LF:3
LH:0
BRF:0
BRH:0
end_of_record
TN:
SF:cloudflare-worker/src/lib/context.js
FN:5,getSharedContext
FN:12,saveContext
FNF:2
FNH:0
FNDA:0,getSharedContext
FNDA:0,saveContext
DA:6,0
DA:7,0
DA:8,0
DA:9,0
DA:13,0
DA:14,0
DA:17,0
DA:18,0
DA:19,0
DA:20,0
DA:21,0
LF:11
LH:0
BRDA:6,0,0,0
BRDA:6,0,1,0
BRDA:9,1,0,0
BRDA:9,1,1,0
BRDA:13,2,0,0
BRDA:13,2,1,0
BRF:6
BRH:0
end_of_record
TN:
SF:cloudflare-worker/src/lib/providers.js
FN:12,selectProvider
FN:23,(anonymous_1)
FNF:2
FNH:0
FNDA:0,selectProvider
FNDA:0,(anonymous_1)
DA:5,0
DA:13,0
DA:14,0
DA:15,0
DA:16,0
DA:19,0
DA:24,0
DA:25,0
DA:26,0
LF:9
LH:0
BRDA:15,0,0,0
BRDA:15,0,1,0
BRF:2
BRH:0
end_of_record
TN:
SF:cloudflare-worker/src/lib/usage.js
FN:5,getDateKey
FN:10,getUsage
FN:16,incrementUsage
FNF:3
FNH:0
FNDA:0,getDateKey
FNDA:0,getUsage
FNDA:0,incrementUsage
DA:6,0
DA:7,0
DA:11,0
DA:12,0
DA:13,0
DA:17,0
DA:18,0
DA:19,0
DA:22,0
LF:9
LH:0
BRDA:13,0,0,0
BRDA:13,0,1,0
BRF:2
BRH:0
end_of_record
